<?xml version="1.0" encoding="UTF-8"?>
<testng-results ignored="0" total="1" passed="1" failed="0" skipped="0">
  <reporter-output>
  </reporter-output>
  <suite started-at="2020-08-17T20:05:59 IST" name="Default suite" finished-at="2020-08-17T20:06:22 IST" duration-ms="22468">
    <groups>
    </groups>
    <test started-at="2020-08-17T20:05:59 IST" name="Default test" finished-at="2020-08-17T20:06:22 IST" duration-ms="22468">
      <class name="AutoITTool.UploadTheFile">
        <test-method is-config="true" signature="setup()[pri:0, instance:AutoITTool.UploadTheFile@3c22fc4c]" started-at="2020-08-17T20:05:59 IST" name="setup" finished-at="2020-08-17T20:06:11 IST" duration-ms="11909" status="PASS">
          <reporter-output>
          </reporter-output>
        </test-method> <!-- setup -->
        <test-method signature="AutoItTool()[pri:0, instance:AutoITTool.UploadTheFile@3c22fc4c]" started-at="2020-08-17T20:06:11 IST" name="AutoItTool" finished-at="2020-08-17T20:06:18 IST" duration-ms="6269" status="PASS">
          <reporter-output>
          </reporter-output>
        </test-method> <!-- AutoItTool -->
        <test-method is-config="true" signature="teardown()[pri:0, instance:AutoITTool.UploadTheFile@3c22fc4c]" started-at="2020-08-17T20:06:18 IST" name="teardown" finished-at="2020-08-17T20:06:22 IST" duration-ms="4235" status="PASS">
          <reporter-output>
          </reporter-output>
        </test-method> <!-- teardown -->
      </class> <!-- AutoITTool.UploadTheFile -->
    </test> <!-- Default test -->
  </suite> <!-- Default suite -->
</testng-results>
