<?xml version="1.0" encoding="UTF-8"?>
<testng-results skipped="0" failed="0" ignored="0" total="0" passed="0">
  <reporter-output>
  </reporter-output>
  <suite name="TestSuite" duration-ms="18" started-at="2020-08-06T13:20:17 IST" finished-at="2020-08-06T13:20:17 IST">
    <groups>
    </groups>
    <test name="TestNg Testing" duration-ms="18" started-at="2020-08-06T13:20:17 IST" finished-at="2020-08-06T13:20:17 IST">
      <class name="BaseSuite.BaseSuite">
        <test-method status="FAIL" signature="setUp(java.lang.String)[pri:0, instance:BaseSuite.BaseSuite@551aa95a]" name="setUp" is-config="true" duration-ms="3374" started-at="2020-08-06T13:20:14 IST" finished-at="2020-08-06T13:20:17 IST">
          <params>
            <param index="0">
              <value>
                <![CDATA[Chrome]]>
              </value>
            </param>
          </params>
          <exception class="org.openqa.selenium.SessionNotCreatedException">
            <message>
              <![CDATA[session not created: This version of ChromeDriver only supports Chrome version 78
Build info: version: '3.141.59', revision: 'e82be7d358', time: '2018-11-14T08:25:53'
System info: host: 'Rajarams-iMac', ip: '192.168.1.135', os.name: 'Mac OS X', os.arch: 'x86_64', os.version: '10.15.6', java.version: '1.8.0_231'
Driver info: driver.version: ChromeDriver
remote stacktrace: 0   chromedriver                        0x000000010f8a9fd9 chromedriver + 3747801
1   chromedriver                        0x000000010f83e613 chromedriver + 3307027
2   chromedriver                        0x000000010f5ce10f chromedriver + 749839
3   chromedriver                        0x000000010f52fadb chromedriver + 101083
4   chromedriver                        0x000000010f52bbd1 chromedriver + 84945
5   chromedriver                        0x000000010f55a097 chromedriver + 274583
6   chromedriver                        0x000000010f557263 chromedriver + 262755
7   chromedriver                        0x000000010f531c0d chromedriver + 109581
8   chromedriver                        0x000000010f532ba5 chromedriver + 113573
9   chromedriver                        0x000000010f86d0bf chromedriver + 3498175
10  chromedriver                        0x000000010f879cbd chromedriver + 3550397
11  chromedriver                        0x000000010f879a48 chromedriver + 3549768
12  chromedriver                        0x000000010f84c169 chromedriver + 3363177
13  chromedriver                        0x000000010f87a518 chromedriver + 3552536
14  chromedriver                        0x000000010f860b77 chromedriver + 3447671
15  chromedriver                        0x000000010f8900d4 chromedriver + 3641556
16  chromedriver                        0x000000010f8afdc7 chromedriver + 3771847
17  libsystem_pthread.dylib             0x00007fff6fc4e109 _pthread_start + 148
18  libsystem_pthread.dylib             0x00007fff6fc49b8b thread_start + 15
]]>
            </message>
            <full-stacktrace>
              <![CDATA[org.openqa.selenium.SessionNotCreatedException: session not created: This version of ChromeDriver only supports Chrome version 78
Build info: version: '3.141.59', revision: 'e82be7d358', time: '2018-11-14T08:25:53'
System info: host: 'Rajarams-iMac', ip: '192.168.1.135', os.name: 'Mac OS X', os.arch: 'x86_64', os.version: '10.15.6', java.version: '1.8.0_231'
Driver info: driver.version: ChromeDriver
remote stacktrace: 0   chromedriver                        0x000000010f8a9fd9 chromedriver + 3747801
1   chromedriver                        0x000000010f83e613 chromedriver + 3307027
2   chromedriver                        0x000000010f5ce10f chromedriver + 749839
3   chromedriver                        0x000000010f52fadb chromedriver + 101083
4   chromedriver                        0x000000010f52bbd1 chromedriver + 84945
5   chromedriver                        0x000000010f55a097 chromedriver + 274583
6   chromedriver                        0x000000010f557263 chromedriver + 262755
7   chromedriver                        0x000000010f531c0d chromedriver + 109581
8   chromedriver                        0x000000010f532ba5 chromedriver + 113573
9   chromedriver                        0x000000010f86d0bf chromedriver + 3498175
10  chromedriver                        0x000000010f879cbd chromedriver + 3550397
11  chromedriver                        0x000000010f879a48 chromedriver + 3549768
12  chromedriver                        0x000000010f84c169 chromedriver + 3363177
13  chromedriver                        0x000000010f87a518 chromedriver + 3552536
14  chromedriver                        0x000000010f860b77 chromedriver + 3447671
15  chromedriver                        0x000000010f8900d4 chromedriver + 3641556
16  chromedriver                        0x000000010f8afdc7 chromedriver + 3771847
17  libsystem_pthread.dylib             0x00007fff6fc4e109 _pthread_start + 148
18  libsystem_pthread.dylib             0x00007fff6fc49b8b thread_start + 15

at sun.reflect.NativeConstructorAccessorImpl.newInstance0(Native Method)
at sun.reflect.NativeConstructorAccessorImpl.newInstance(NativeConstructorAccessorImpl.java:62)
at sun.reflect.DelegatingConstructorAccessorImpl.newInstance(DelegatingConstructorAccessorImpl.java:45)
at java.lang.reflect.Constructor.newInstance(Constructor.java:423)
at org.openqa.selenium.remote.W3CHandshakeResponse.lambda$errorHandler$0(W3CHandshakeResponse.java:62)
at org.openqa.selenium.remote.HandshakeResponse.lambda$getResponseFunction$0(HandshakeResponse.java:30)
at org.openqa.selenium.remote.ProtocolHandshake.lambda$createSession$0(ProtocolHandshake.java:126)
at java.util.stream.ReferencePipeline$3$1.accept(ReferencePipeline.java:193)
at java.util.Spliterators$ArraySpliterator.tryAdvance(Spliterators.java:958)
at java.util.stream.ReferencePipeline.forEachWithCancel(ReferencePipeline.java:126)
at java.util.stream.AbstractPipeline.copyIntoWithCancel(AbstractPipeline.java:499)
at java.util.stream.AbstractPipeline.copyInto(AbstractPipeline.java:486)
at java.util.stream.AbstractPipeline.wrapAndCopyInto(AbstractPipeline.java:472)
at java.util.stream.FindOps$FindOp.evaluateSequential(FindOps.java:152)
at java.util.stream.AbstractPipeline.evaluate(AbstractPipeline.java:234)
at java.util.stream.ReferencePipeline.findFirst(ReferencePipeline.java:464)
at org.openqa.selenium.remote.ProtocolHandshake.createSession(ProtocolHandshake.java:128)
at org.openqa.selenium.remote.ProtocolHandshake.createSession(ProtocolHandshake.java:74)
at org.openqa.selenium.remote.HttpCommandExecutor.execute(HttpCommandExecutor.java:136)
at org.openqa.selenium.remote.service.DriverCommandExecutor.execute(DriverCommandExecutor.java:83)
at org.openqa.selenium.remote.RemoteWebDriver.execute(RemoteWebDriver.java:552)
at org.openqa.selenium.remote.RemoteWebDriver.startSession(RemoteWebDriver.java:213)
at org.openqa.selenium.remote.RemoteWebDriver.<init>(RemoteWebDriver.java:131)
at org.openqa.selenium.chrome.ChromeDriver.<init>(ChromeDriver.java:181)
at org.openqa.selenium.chrome.ChromeDriver.<init>(ChromeDriver.java:168)
at org.openqa.selenium.chrome.ChromeDriver.<init>(ChromeDriver.java:123)
at BaseSuite.BaseSuite.setUp(BaseSuite.java:20)
at sun.reflect.NativeMethodAccessorImpl.invoke0(Native Method)
at sun.reflect.NativeMethodAccessorImpl.invoke(NativeMethodAccessorImpl.java:62)
at sun.reflect.DelegatingMethodAccessorImpl.invoke(DelegatingMethodAccessorImpl.java:43)
at java.lang.reflect.Method.invoke(Method.java:498)
at org.testng.internal.MethodInvocationHelper.invokeMethod(MethodInvocationHelper.java:133)
at org.testng.internal.MethodInvocationHelper.invokeMethodConsideringTimeout(MethodInvocationHelper.java:62)
at org.testng.internal.ConfigInvoker.invokeConfigurationMethod(ConfigInvoker.java:340)
at org.testng.internal.ConfigInvoker.invokeConfigurations(ConfigInvoker.java:294)
at org.testng.SuiteRunner.privateRun(SuiteRunner.java:345)
at org.testng.SuiteRunner.run(SuiteRunner.java:304)
at org.testng.SuiteRunnerWorker.runSuite(SuiteRunnerWorker.java:53)
at org.testng.SuiteRunnerWorker.run(SuiteRunnerWorker.java:96)
at org.testng.TestNG.runSuitesSequentially(TestNG.java:1180)
at org.testng.TestNG.runSuitesLocally(TestNG.java:1102)
at org.testng.TestNG.runSuites(TestNG.java:1032)
at org.testng.TestNG.run(TestNG.java:1000)
at org.testng.remote.AbstractRemoteTestNG.run(AbstractRemoteTestNG.java:115)
at org.testng.remote.RemoteTestNG.initAndRun(RemoteTestNG.java:251)
at org.testng.remote.RemoteTestNG.main(RemoteTestNG.java:77)
]]>
            </full-stacktrace>
          </exception> <!-- org.openqa.selenium.SessionNotCreatedException -->
          <reporter-output>
          </reporter-output>
        </test-method> <!-- setUp -->
        <test-method status="SKIP" signature="close()[pri:0, instance:BaseSuite.BaseSuite@551aa95a]" name="close" is-config="true" duration-ms="-1596700217736" started-at="2020-08-06T13:20:17 IST" finished-at="1970-01-01T05:30:00 IST">
          <reporter-output>
          </reporter-output>
        </test-method> <!-- close -->
      </class> <!-- BaseSuite.BaseSuite -->
    </test> <!-- TestNg Testing -->
  </suite> <!-- TestSuite -->
</testng-results>
