<?xml version="1.0" encoding="UTF-8"?>
<testng-results ignored="0" total="1" passed="1" failed="0" skipped="0">
  <reporter-output>
  </reporter-output>
  <suite started-at="2020-08-11T20:05:38 IST" name="Default suite" finished-at="2020-08-11T20:05:58 IST" duration-ms="19840">
    <groups>
    </groups>
    <test started-at="2020-08-11T20:05:38 IST" name="Default test" finished-at="2020-08-11T20:05:58 IST" duration-ms="19840">
      <class name="com.MyStore.Testcases.LoginpageTest">
        <test-method is-config="true" signature="beforesuite()[pri:0, instance:com.MyStore.Testcases.LoginpageTest@2f7c2f4f]" started-at="2020-08-11T20:05:38 IST" name="beforesuite" finished-at="2020-08-11T20:05:38 IST" duration-ms="272" status="PASS">
          <reporter-output>
          </reporter-output>
        </test-method> <!-- beforesuite -->
        <test-method is-config="true" signature="loadConfig()[pri:0, instance:com.MyStore.Testcases.LoginpageTest@2f7c2f4f]" started-at="2020-08-11T20:05:38 IST" name="loadConfig" finished-at="2020-08-11T20:05:38 IST" duration-ms="2" status="PASS">
          <reporter-output>
          </reporter-output>
        </test-method> <!-- loadConfig -->
        <test-method is-config="true" signature="setup()[pri:0, instance:com.MyStore.Testcases.LoginpageTest@2f7c2f4f]" started-at="2020-08-11T20:05:38 IST" name="setup" finished-at="2020-08-11T20:05:52 IST" duration-ms="13820" status="PASS">
          <reporter-output>
          </reporter-output>
        </test-method> <!-- setup -->
        <test-method signature="logintest()[pri:0, instance:com.MyStore.Testcases.LoginpageTest@2f7c2f4f]" started-at="2020-08-11T20:05:52 IST" name="logintest" finished-at="2020-08-11T20:05:57 IST" duration-ms="4979" status="PASS">
          <reporter-output>
          </reporter-output>
        </test-method> <!-- logintest -->
        <test-method is-config="true" signature="teardown()[pri:0, instance:com.MyStore.Testcases.LoginpageTest@2f7c2f4f]" started-at="2020-08-11T20:05:57 IST" name="teardown" finished-at="2020-08-11T20:05:58 IST" duration-ms="981" status="PASS">
          <reporter-output>
          </reporter-output>
        </test-method> <!-- teardown -->
      </class> <!-- com.MyStore.Testcases.LoginpageTest -->
    </test> <!-- Default test -->
  </suite> <!-- Default suite -->
</testng-results>
