<?xml version="1.0" encoding="UTF-8"?>
<testng-results ignored="0" total="1" passed="0" failed="1" skipped="0">
  <reporter-output>
  </reporter-output>
  <suite started-at="2020-08-06T21:13:49 IST" name="Default suite" finished-at="2020-08-06T21:13:51 IST" duration-ms="1677">
    <groups>
    </groups>
    <test started-at="2020-08-06T21:13:49 IST" name="Default test" finished-at="2020-08-06T21:13:51 IST" duration-ms="1677">
      <class name="com.gmainlogin.Base.TestGmail">
        <test-method signature="ReadData()[pri:0, instance:com.gmainlogin.Base.TestGmail@45752059]" started-at="2020-08-06T21:13:49 IST" name="ReadData" finished-at="2020-08-06T21:13:51 IST" duration-ms="1622" status="FAIL">
          <exception class="org.openqa.selenium.InvalidArgumentException">
            <message>
              <![CDATA[invalid argument: entry 0 of 'firstMatch' is invalid
from invalid argument: cannot parse capability: goog:chromeOptions
from invalid argument: unrecognized chrome option: class
Build info: version: 'unknown', revision: 'unknown', time: 'unknown'
System info: host: 'RAJASEKHARAREDD', ip: '192.168.1.3', os.name: 'Windows 10', os.arch: 'amd64', os.version: '10.0', java.version: '13.0.2'
Driver info: driver.version: ChromeDriver
remote stacktrace: Backtrace:
Ordinal0 [0x00AF87E3+2852835]
Ordinal0 [0x009E5BB1+1727409]
Ordinal0 [0x008BE4B9+517305]
Ordinal0 [0x008482EF+33519]
Ordinal0 [0x0084A554+42324]
Ordinal0 [0x0084606E+24686]
Ordinal0 [0x0086CD43+183619]
Ordinal0 [0x0086C987+182663]
Ordinal0 [0x0086D890+186512]
Ordinal0 [0x0086D7FD+186365]
Ordinal0 [0x0086B70B+177931]
Ordinal0 [0x00852584+75140]
Ordinal0 [0x00853650+79440]
Ordinal0 [0x008535E9+79337]
Ordinal0 [0x009FAD5C+1813852]
GetHandleVerifier [0x00C1C616+1075574]
GetHandleVerifier [0x00C1C367+1074887]
GetHandleVerifier [0x00C27497+1120247]
GetHandleVerifier [0x00C1CC16+1077110]
Ordinal0 [0x009F3206+1782278]
Ordinal0 [0x009FC3BB+1819579]
Ordinal0 [0x009FC523+1819939]
Ordinal0 [0x00A12B45+1911621]
BaseThreadInitThunk [0x773B6359+25]
RtlGetAppContainerNamedObjectPath [0x77D07C24+228]
RtlGetAppContainerNamedObjectPath [0x77D07BF4+180]
]]>
            </message>
            <full-stacktrace>
              <![CDATA[org.openqa.selenium.InvalidArgumentException: invalid argument: entry 0 of 'firstMatch' is invalid
from invalid argument: cannot parse capability: goog:chromeOptions
from invalid argument: unrecognized chrome option: class
Build info: version: 'unknown', revision: 'unknown', time: 'unknown'
System info: host: 'RAJASEKHARAREDD', ip: '192.168.1.3', os.name: 'Windows 10', os.arch: 'amd64', os.version: '10.0', java.version: '13.0.2'
Driver info: driver.version: ChromeDriver
remote stacktrace: Backtrace:
Ordinal0 [0x00AF87E3+2852835]
Ordinal0 [0x009E5BB1+1727409]
Ordinal0 [0x008BE4B9+517305]
Ordinal0 [0x008482EF+33519]
Ordinal0 [0x0084A554+42324]
Ordinal0 [0x0084606E+24686]
Ordinal0 [0x0086CD43+183619]
Ordinal0 [0x0086C987+182663]
Ordinal0 [0x0086D890+186512]
Ordinal0 [0x0086D7FD+186365]
Ordinal0 [0x0086B70B+177931]
Ordinal0 [0x00852584+75140]
Ordinal0 [0x00853650+79440]
Ordinal0 [0x008535E9+79337]
Ordinal0 [0x009FAD5C+1813852]
GetHandleVerifier [0x00C1C616+1075574]
GetHandleVerifier [0x00C1C367+1074887]
GetHandleVerifier [0x00C27497+1120247]
GetHandleVerifier [0x00C1CC16+1077110]
Ordinal0 [0x009F3206+1782278]
Ordinal0 [0x009FC3BB+1819579]
Ordinal0 [0x009FC523+1819939]
Ordinal0 [0x00A12B45+1911621]
BaseThreadInitThunk [0x773B6359+25]
RtlGetAppContainerNamedObjectPath [0x77D07C24+228]
RtlGetAppContainerNamedObjectPath [0x77D07BF4+180]

at java.base/jdk.internal.reflect.NativeConstructorAccessorImpl.newInstance0(Native Method)
at java.base/jdk.internal.reflect.NativeConstructorAccessorImpl.newInstance(NativeConstructorAccessorImpl.java:62)
at java.base/jdk.internal.reflect.DelegatingConstructorAccessorImpl.newInstance(DelegatingConstructorAccessorImpl.java:45)
at java.base/java.lang.reflect.Constructor.newInstanceWithCaller(Constructor.java:500)
at java.base/java.lang.reflect.Constructor.newInstance(Constructor.java:481)
at org.openqa.selenium.remote.W3CHandshakeResponse.lambda$errorHandler$0(W3CHandshakeResponse.java:62)
at org.openqa.selenium.remote.HandshakeResponse.lambda$getResponseFunction$0(HandshakeResponse.java:30)
at org.openqa.selenium.remote.ProtocolHandshake.lambda$createSession$0(ProtocolHandshake.java:126)
at java.base/java.util.stream.ReferencePipeline$3$1.accept(ReferencePipeline.java:195)
at java.base/java.util.Spliterators$ArraySpliterator.tryAdvance(Spliterators.java:958)
at java.base/java.util.stream.ReferencePipeline.forEachWithCancel(ReferencePipeline.java:127)
at java.base/java.util.stream.AbstractPipeline.copyIntoWithCancel(AbstractPipeline.java:502)
at java.base/java.util.stream.AbstractPipeline.copyInto(AbstractPipeline.java:488)
at java.base/java.util.stream.AbstractPipeline.wrapAndCopyInto(AbstractPipeline.java:474)
at java.base/java.util.stream.FindOps$FindOp.evaluateSequential(FindOps.java:150)
at java.base/java.util.stream.AbstractPipeline.evaluate(AbstractPipeline.java:234)
at java.base/java.util.stream.ReferencePipeline.findFirst(ReferencePipeline.java:543)
at org.openqa.selenium.remote.ProtocolHandshake.createSession(ProtocolHandshake.java:128)
at org.openqa.selenium.remote.ProtocolHandshake.createSession(ProtocolHandshake.java:74)
at org.openqa.selenium.remote.HttpCommandExecutor.execute(HttpCommandExecutor.java:136)
at org.openqa.selenium.remote.service.DriverCommandExecutor.execute(DriverCommandExecutor.java:83)
at org.openqa.selenium.remote.RemoteWebDriver.execute(RemoteWebDriver.java:552)
at org.openqa.selenium.remote.RemoteWebDriver.startSession(RemoteWebDriver.java:213)
at org.openqa.selenium.remote.RemoteWebDriver.<init>(RemoteWebDriver.java:131)
at org.openqa.selenium.chrome.ChromeDriver.<init>(ChromeDriver.java:160)
at org.openqa.selenium.chrome.ChromeDriver.<init>(ChromeDriver.java:149)
at org.openqa.selenium.chrome.ChromeDriver.<init>(ChromeDriver.java:106)
at com.gmainlogin.Base.TestGmail.ReadData(TestGmail.java:32)
at java.base/jdk.internal.reflect.NativeMethodAccessorImpl.invoke0(Native Method)
at java.base/jdk.internal.reflect.NativeMethodAccessorImpl.invoke(NativeMethodAccessorImpl.java:62)
at java.base/jdk.internal.reflect.DelegatingMethodAccessorImpl.invoke(DelegatingMethodAccessorImpl.java:43)
at java.base/java.lang.reflect.Method.invoke(Method.java:567)
at org.testng.internal.MethodInvocationHelper.invokeMethod(MethodInvocationHelper.java:135)
at org.testng.internal.TestInvoker.invokeMethod(TestInvoker.java:598)
at org.testng.internal.TestInvoker.invokeTestMethod(TestInvoker.java:174)
at org.testng.internal.MethodRunner.runInSequence(MethodRunner.java:46)
at org.testng.internal.TestInvoker$MethodInvocationAgent.invoke(TestInvoker.java:821)
at org.testng.internal.TestInvoker.invokeTestMethods(TestInvoker.java:147)
at org.testng.internal.TestMethodWorker.invokeTestMethods(TestMethodWorker.java:146)
at org.testng.internal.TestMethodWorker.run(TestMethodWorker.java:128)
at java.base/java.util.ArrayList.forEach(ArrayList.java:1507)
at org.testng.TestRunner.privateRun(TestRunner.java:767)
at org.testng.TestRunner.run(TestRunner.java:588)
at org.testng.SuiteRunner.runTest(SuiteRunner.java:384)
at org.testng.SuiteRunner.runSequentially(SuiteRunner.java:378)
at org.testng.SuiteRunner.privateRun(SuiteRunner.java:337)
at org.testng.SuiteRunner.run(SuiteRunner.java:286)
at org.testng.SuiteRunnerWorker.runSuite(SuiteRunnerWorker.java:53)
at org.testng.SuiteRunnerWorker.run(SuiteRunnerWorker.java:96)
at org.testng.TestNG.runSuitesSequentially(TestNG.java:1214)
at org.testng.TestNG.runSuitesLocally(TestNG.java:1136)
at org.testng.TestNG.runSuites(TestNG.java:1066)
at org.testng.TestNG.run(TestNG.java:1034)
at org.testng.remote.AbstractRemoteTestNG.run(AbstractRemoteTestNG.java:115)
at org.testng.remote.RemoteTestNG.initAndRun(RemoteTestNG.java:251)
at org.testng.remote.RemoteTestNG.main(RemoteTestNG.java:77)
]]>
            </full-stacktrace>
          </exception> <!-- org.openqa.selenium.InvalidArgumentException -->
          <reporter-output>
          </reporter-output>
        </test-method> <!-- ReadData -->
      </class> <!-- com.gmainlogin.Base.TestGmail -->
    </test> <!-- Default test -->
  </suite> <!-- Default suite -->
</testng-results>
